<?xml version="1.0" encoding="UTF-8"?>
<!-- Generated by org.testng.reporters.JUnitReportReporter -->
<testsuite hostname="LAPTOP-RK" failures="0" tests="1" name="testrunners.MyTestRunner" time="31.727" errors="0" timestamp="03 Dec 2023 16:53:06 GMT" skipped="0">
  <testcase classname="testrunners.MyTestRunner" name="runScenario" time="31.727"/>
</testsuite> <!-- testrunners.MyTestRunner -->
