<?xml version="1.0" encoding="UTF-8"?>
<!-- Generated by org.testng.reporters.JUnitReportReporter -->
<testsuite hostname="LAPTOP-RK" failures="0" tests="1" name="testrunners.MyTestRunner" time="5.733" errors="0" timestamp="2023-12-03T23:22:41 GMT" skipped="0">
  <testcase classname="testrunners.MyTestRunner" name="runScenario" time="5.733"/>
</testsuite> <!-- testrunners.MyTestRunner -->
