<?xml version="1.0" encoding="UTF-8"?>
<!-- Generated by org.testng.reporters.JUnitReportReporter -->
<testsuite hostname="LAPTOP-RK" failures="0" tests="1" name="testrunners.ParallelTestRunner" time="8.095" errors="0" timestamp="2023-12-03T21:03:44 GMT" skipped="0">
  <testcase classname="testrunners.ParallelTestRunner" name="runScenario" time="8.095"/>
</testsuite> <!-- testrunners.ParallelTestRunner -->
