<?xml version="1.0" encoding="UTF-8"?>
<!-- Generated by org.testng.reporters.JUnitReportReporter -->
<testsuite hostname="LAPTOP-RK" failures="0" tests="1" name="testrunners.ParallelTestRunner" time="9.714" errors="0" timestamp="2023-12-03T21:55:54 GMT" skipped="0">
  <testcase classname="testrunners.ParallelTestRunner" name="runScenario" time="9.714"/>
</testsuite> <!-- testrunners.ParallelTestRunner -->
