<?xml version="1.0" encoding="UTF-8"?>
<!-- Generated by org.testng.reporters.JUnitReportReporter -->
<testsuite hostname="LAPTOP-RK" failures="0" tests="1" name="testrunners.MyTestRunner" time="4.586" errors="0" timestamp="2023-12-04T01:15:55 GMT" skipped="0">
  <testcase classname="testrunners.MyTestRunner" name="runScenario" time="4.586"/>
</testsuite> <!-- testrunners.MyTestRunner -->
